# JRE version: Java(TM) SE Runtime Environment (17.0.14+8) (build 17.0.14+8-LTS-191)
# Java VM: Java HotSpot(TM) 64-Bit Server VM (17.0.14+8-LTS-191, mixed mode, sharing, tiered, compressed oops, compressed class ptrs, g1 gc, windows-amd64)
GC Precious Log:
 CPUs: 12 total, 12 available
 Memory: 16068M
 Large Page Support: Disabled
 NUMA Support: Disabled
 Compressed Oops: Enabled (Zero based)
 Heap Region Size: 2M
 Heap Min Capacity: 8M
 Heap Initial Capacity: 252M
 Heap Max Capacity: 4018M
 Pre-touch: Disabled
 Parallel Workers: 10
 Concurrent Workers: 3
 Concurrent Refinement Workers: 10
 Periodic GC: Disabled
Heap:
 garbage-first heap   total 129024K, used 66828K [0x0000000704e00000, 0x0000000800000000)
  region size 2048K, 19 young (38912K), 5 survivors (10240K)
 Metaspace       used 90516K, committed 91200K, reserved 1179648K
  class space    used 11706K, committed 12032K, reserved 1048576K
GC Heap History (20 events):
Event: 1.688 GC heap before
{Heap before GC invocations=4 (full 0):
 garbage-first heap   total 55296K, used 39149K [0x0000000704e00000, 0x0000000800000000)
  region size 2048K, 16 young (32768K), 3 survivors (6144K)
 Metaspace       used 23992K, committed 24320K, reserved 1114112K
  class space    used 3071K, committed 3264K, reserved 1048576K
}
Event: 1.691 GC heap after
{Heap after GC invocations=5 (full 0):
 garbage-first heap   total 55296K, used 14890K [0x0000000704e00000, 0x0000000800000000)
  region size 2048K, 2 young (4096K), 2 survivors (4096K)
 Metaspace       used 23992K, committed 24320K, reserved 1114112K
  class space    used 3071K, committed 3264K, reserved 1048576K
}
Event: 1.721 GC heap before
{Heap before GC invocations=5 (full 0):
 garbage-first heap   total 55296K, used 14890K [0x0000000704e00000, 0x0000000800000000)
  region size 2048K, 3 young (6144K), 2 survivors (4096K)
 Metaspace       used 24341K, committed 24640K, reserved 1114112K
  class space    used 3117K, committed 3264K, reserved 1048576K
}
Event: 1.724 GC heap after
{Heap after GC invocations=6 (full 0):
 garbage-first heap   total 157696K, used 15523K [0x0000000704e00000, 0x0000000800000000)
  region size 2048K, 1 young (2048K), 1 survivors (2048K)
 Metaspace       used 24341K, committed 24640K, reserved 1114112K
  class space    used 3117K, committed 3264K, reserved 1048576K
}
Event: 3.087 GC heap before
{Heap before GC invocations=6 (full 0):
 garbage-first heap   total 157696K, used 85155K [0x0000000704e00000, 0x0000000800000000)
  region size 2048K, 36 young (73728K), 1 survivors (2048K)
 Metaspace       used 35540K, committed 35968K, reserved 1114112K
  class space    used 4588K, committed 4800K, reserved 1048576K
}
Event: 3.092 GC heap after
{Heap after GC invocations=7 (full 0):
 garbage-first heap   total 157696K, used 20863K [0x0000000704e00000, 0x0000000800000000)
  region size 2048K, 3 young (6144K), 3 survivors (6144K)
 Metaspace       used 35540K, committed 35968K, reserved 1114112K
  class space    used 4588K, committed 4800K, reserved 1048576K
}
Event: 3.969 GC heap before
{Heap before GC invocations=8 (full 0):
 garbage-first heap   total 81920K, used 63871K [0x0000000704e00000, 0x0000000800000000)
  region size 2048K, 24 young (49152K), 3 survivors (6144K)
 Metaspace       used 45184K, committed 45568K, reserved 1114112K
  class space    used 5714K, committed 5888K, reserved 1048576K
}
Event: 3.973 GC heap after
{Heap after GC invocations=9 (full 0):
 garbage-first heap   total 81920K, used 24321K [0x0000000704e00000, 0x0000000800000000)
  region size 2048K, 2 young (4096K), 2 survivors (4096K)
 Metaspace       used 45184K, committed 45568K, reserved 1114112K
  class space    used 5714K, committed 5888K, reserved 1048576K
}
Event: 4.018 GC heap before
{Heap before GC invocations=9 (full 0):
 garbage-first heap   total 81920K, used 26369K [0x0000000704e00000, 0x0000000800000000)
  region size 2048K, 3 young (6144K), 2 survivors (4096K)
 Metaspace       used 45518K, committed 45952K, reserved 1114112K
  class space    used 5766K, committed 5952K, reserved 1048576K
}
Event: 4.021 GC heap after
{Heap after GC invocations=10 (full 0):
 garbage-first heap   total 81920K, used 24551K [0x0000000704e00000, 0x0000000800000000)
  region size 2048K, 1 young (2048K), 1 survivors (2048K)
 Metaspace       used 45518K, committed 45952K, reserved 1114112K
  class space    used 5766K, committed 5952K, reserved 1048576K
}
Event: 4.671 GC heap before
{Heap before GC invocations=10 (full 0):
 garbage-first heap   total 81920K, used 59367K [0x0000000704e00000, 0x0000000800000000)
  region size 2048K, 18 young (36864K), 1 survivors (2048K)
 Metaspace       used 53273K, committed 53760K, reserved 1114112K
  class space    used 6999K, committed 7232K, reserved 1048576K
}
Event: 4.674 GC heap after
{Heap after GC invocations=11 (full 0):
 garbage-first heap   total 81920K, used 25874K [0x0000000704e00000, 0x0000000800000000)
  region size 2048K, 1 young (2048K), 1 survivors (2048K)
 Metaspace       used 53273K, committed 53760K, reserved 1114112K
  class space    used 6999K, committed 7232K, reserved 1048576K
}
Event: 5.130 GC heap before
{Heap before GC invocations=12 (full 0):
 garbage-first heap   total 81920K, used 58642K [0x0000000704e00000, 0x0000000800000000)
  region size 2048K, 18 young (36864K), 1 survivors (2048K)
 Metaspace       used 61705K, committed 62208K, reserved 1114112K
  class space    used 8244K, committed 8512K, reserved 1048576K
}
Event: 5.134 GC heap after
{Heap after GC invocations=13 (full 0):
 garbage-first heap   total 129024K, used 27463K [0x0000000704e00000, 0x0000000800000000)
  region size 2048K, 2 young (4096K), 2 survivors (4096K)
 Metaspace       used 61705K, committed 62208K, reserved 1114112K
  class space    used 8244K, committed 8512K, reserved 1048576K
}
Event: 6.106 GC heap before
{Heap before GC invocations=13 (full 0):
 garbage-first heap   total 129024K, used 97095K [0x0000000704e00000, 0x0000000800000000)
  region size 2048K, 36 young (73728K), 2 survivors (4096K)
 Metaspace       used 71547K, committed 72128K, reserved 1114112K
  class space    used 9644K, committed 9920K, reserved 1048576K
}
Event: 6.111 GC heap after
{Heap after GC invocations=14 (full 0):
 garbage-first heap   total 129024K, used 31503K [0x0000000704e00000, 0x0000000800000000)
  region size 2048K, 4 young (8192K), 4 survivors (8192K)
 Metaspace       used 71547K, committed 72128K, reserved 1114112K
  class space    used 9644K, committed 9920K, reserved 1048576K
}
Event: 7.139 GC heap before
{Heap before GC invocations=14 (full 0):
 garbage-first heap   total 129024K, used 99087K [0x0000000704e00000, 0x0000000800000000)
  region size 2048K, 37 young (75776K), 4 survivors (8192K)
 Metaspace       used 78941K, committed 79552K, reserved 1179648K
  class space    used 10581K, committed 10880K, reserved 1048576K
}
Event: 7.145 GC heap after
{Heap after GC invocations=15 (full 0):
 garbage-first heap   total 129024K, used 36410K [0x0000000704e00000, 0x0000000800000000)
  region size 2048K, 5 young (10240K), 5 survivors (10240K)
 Metaspace       used 78941K, committed 79552K, reserved 1179648K
  class space    used 10581K, committed 10880K, reserved 1048576K
}
Event: 14.450 GC heap before
{Heap before GC invocations=15 (full 0):
 garbage-first heap   total 129024K, used 89658K [0x0000000704e00000, 0x0000000800000000)
  region size 2048K, 33 young (67584K), 5 survivors (10240K)
 Metaspace       used 89534K, committed 90048K, reserved 1179648K
  class space    used 11593K, committed 11840K, reserved 1048576K
}
Event: 14.459 GC heap after
{Heap after GC invocations=16 (full 0):
 garbage-first heap   total 129024K, used 40204K [0x0000000704e00000, 0x0000000800000000)
  region size 2048K, 5 young (10240K), 5 survivors (10240K)
 Metaspace       used 89534K, committed 90048K, reserved 1179648K
  class space    used 11593K, committed 11840K, reserved 1048576K
}

