# JRE version: Java(TM) SE Runtime Environment (17.0.14+8) (build 17.0.14+8-LTS-191)
# Java VM: Java HotSpot(TM) 64-Bit Server VM (17.0.14+8-LTS-191, mixed mode, sharing, tiered, compressed oops, compressed class ptrs, g1 gc, windows-amd64)
GC Precious Log:
 CPUs: 12 total, 12 available
 Memory: 16068M
 Large Page Support: Disabled
 NUMA Support: Disabled
 Compressed Oops: Enabled (Zero based)
 Heap Region Size: 2M
 Heap Min Capacity: 8M
 Heap Initial Capacity: 252M
 Heap Max Capacity: 4018M
 Pre-touch: Disabled
 Parallel Workers: 10
 Concurrent Workers: 3
 Concurrent Refinement Workers: 10
 Periodic GC: Disabled
Heap:
 garbage-first heap   total 98304K, used 73761K [0x0000000704e00000, 0x0000000800000000)
  region size 2048K, 16 young (32768K), 1 survivors (2048K)
 Metaspace       used 97002K, committed 97728K, reserved 1179648K
  class space    used 12223K, committed 12544K, reserved 1048576K
GC Heap History (20 events):
Event: 20.376 GC heap before
{Heap before GC invocations=17 (full 0):
 garbage-first heap   total 98304K, used 74612K [0x0000000704e00000, 0x0000000800000000)
  region size 2048K, 22 young (45056K), 3 survivors (6144K)
 Metaspace       used 89632K, committed 90240K, reserved 1179648K
  class space    used 11594K, committed 11904K, reserved 1048576K
}
Event: 20.383 GC heap after
{Heap after GC invocations=18 (full 0):
 garbage-first heap   total 98304K, used 39464K [0x0000000704e00000, 0x0000000800000000)
  region size 2048K, 3 young (6144K), 3 survivors (6144K)
 Metaspace       used 89632K, committed 90240K, reserved 1179648K
  class space    used 11594K, committed 11904K, reserved 1048576K
}
Event: 21.419 GC heap before
{Heap before GC invocations=18 (full 0):
 garbage-first heap   total 98304K, used 76328K [0x0000000704e00000, 0x0000000800000000)
  region size 2048K, 21 young (43008K), 3 survivors (6144K)
 Metaspace       used 91626K, committed 92224K, reserved 1179648K
  class space    used 11720K, committed 12032K, reserved 1048576K
}
Event: 21.423 GC heap after
{Heap after GC invocations=19 (full 0):
 garbage-first heap   total 98304K, used 42489K [0x0000000704e00000, 0x0000000800000000)
  region size 2048K, 3 young (6144K), 3 survivors (6144K)
 Metaspace       used 91626K, committed 92224K, reserved 1179648K
  class space    used 11720K, committed 12032K, reserved 1048576K
}
Event: 25.561 GC heap before
{Heap before GC invocations=19 (full 0):
 garbage-first heap   total 98304K, used 73209K [0x0000000704e00000, 0x0000000800000000)
  region size 2048K, 19 young (38912K), 3 survivors (6144K)
 Metaspace       used 93325K, committed 93952K, reserved 1179648K
  class space    used 11838K, committed 12160K, reserved 1048576K
}
Event: 25.565 GC heap after
{Heap after GC invocations=20 (full 0):
 garbage-first heap   total 98304K, used 43963K [0x0000000704e00000, 0x0000000800000000)
  region size 2048K, 3 young (6144K), 3 survivors (6144K)
 Metaspace       used 93325K, committed 93952K, reserved 1179648K
  class space    used 11838K, committed 12160K, reserved 1048576K
}
Event: 57.242 GC heap before
{Heap before GC invocations=20 (full 0):
 garbage-first heap   total 98304K, used 74683K [0x0000000704e00000, 0x0000000800000000)
  region size 2048K, 19 young (38912K), 3 survivors (6144K)
 Metaspace       used 96424K, committed 97088K, reserved 1179648K
  class space    used 12229K, committed 12544K, reserved 1048576K
}
Event: 57.245 GC heap after
{Heap after GC invocations=21 (full 0):
 garbage-first heap   total 98304K, used 45669K [0x0000000704e00000, 0x0000000800000000)
  region size 2048K, 2 young (4096K), 2 survivors (4096K)
 Metaspace       used 96424K, committed 97088K, reserved 1179648K
  class space    used 12229K, committed 12544K, reserved 1048576K
}
Event: 166.919 GC heap before
{Heap before GC invocations=21 (full 0):
 garbage-first heap   total 98304K, used 78437K [0x0000000704e00000, 0x0000000800000000)
  region size 2048K, 18 young (36864K), 2 survivors (4096K)
 Metaspace       used 96826K, committed 97472K, reserved 1179648K
  class space    used 12231K, committed 12544K, reserved 1048576K
}
Event: 166.922 GC heap after
{Heap after GC invocations=22 (full 0):
 garbage-first heap   total 98304K, used 45816K [0x0000000704e00000, 0x0000000800000000)
  region size 2048K, 2 young (4096K), 2 survivors (4096K)
 Metaspace       used 96826K, committed 97472K, reserved 1179648K
  class space    used 12231K, committed 12544K, reserved 1048576K
}
Event: 181.092 GC heap before
{Heap before GC invocations=23 (full 0):
 garbage-first heap   total 98304K, used 78584K [0x0000000704e00000, 0x0000000800000000)
  region size 2048K, 18 young (36864K), 2 survivors (4096K)
 Metaspace       used 96855K, committed 97472K, reserved 1179648K
  class space    used 12229K, committed 12544K, reserved 1048576K
}
Event: 181.094 GC heap after
{Heap after GC invocations=24 (full 0):
 garbage-first heap   total 98304K, used 45710K [0x0000000704e00000, 0x0000000800000000)
  region size 2048K, 2 young (4096K), 2 survivors (4096K)
 Metaspace       used 96855K, committed 97472K, reserved 1179648K
  class space    used 12229K, committed 12544K, reserved 1048576K
}
Event: 181.161 GC heap before
{Heap before GC invocations=24 (full 0):
 garbage-first heap   total 98304K, used 47758K [0x0000000704e00000, 0x0000000800000000)
  region size 2048K, 3 young (6144K), 2 survivors (4096K)
 Metaspace       used 96857K, committed 97472K, reserved 1179648K
  class space    used 12229K, committed 12544K, reserved 1048576K
}
Event: 181.163 GC heap after
{Heap after GC invocations=25 (full 0):
 garbage-first heap   total 98304K, used 45707K [0x0000000704e00000, 0x0000000800000000)
  region size 2048K, 1 young (2048K), 1 survivors (2048K)
 Metaspace       used 96857K, committed 97472K, reserved 1179648K
  class space    used 12229K, committed 12544K, reserved 1048576K
}
Event: 187.704 GC heap before
{Heap before GC invocations=25 (full 0):
 garbage-first heap   total 98304K, used 78475K [0x0000000704e00000, 0x0000000800000000)
  region size 2048K, 17 young (34816K), 1 survivors (2048K)
 Metaspace       used 96941K, committed 97600K, reserved 1179648K
  class space    used 12229K, committed 12544K, reserved 1048576K
}
Event: 187.706 GC heap after
{Heap after GC invocations=26 (full 0):
 garbage-first heap   total 98304K, used 45663K [0x0000000704e00000, 0x0000000800000000)
  region size 2048K, 1 young (2048K), 1 survivors (2048K)
 Metaspace       used 96941K, committed 97600K, reserved 1179648K
  class space    used 12229K, committed 12544K, reserved 1048576K
}
Event: 409.234 GC heap before
{Heap before GC invocations=27 (full 0):
 garbage-first heap   total 98304K, used 80479K [0x0000000704e00000, 0x0000000800000000)
  region size 2048K, 18 young (36864K), 1 survivors (2048K)
 Metaspace       used 96946K, committed 97600K, reserved 1179648K
  class space    used 12214K, committed 12544K, reserved 1048576K
}
Event: 409.237 GC heap after
{Heap after GC invocations=28 (full 0):
 garbage-first heap   total 98304K, used 45605K [0x0000000704e00000, 0x0000000800000000)
  region size 2048K, 1 young (2048K), 1 survivors (2048K)
 Metaspace       used 96946K, committed 97600K, reserved 1179648K
  class space    used 12214K, committed 12544K, reserved 1048576K
}
Event: 434.634 GC heap before
{Heap before GC invocations=28 (full 0):
 garbage-first heap   total 98304K, used 47653K [0x0000000704e00000, 0x0000000800000000)
  region size 2048K, 2 young (4096K), 1 survivors (2048K)
 Metaspace       used 96946K, committed 97600K, reserved 1179648K
  class space    used 12214K, committed 12544K, reserved 1048576K
}
Event: 434.637 GC heap after
{Heap after GC invocations=29 (full 0):
 garbage-first heap   total 98304K, used 45089K [0x0000000704e00000, 0x0000000800000000)
  region size 2048K, 1 young (2048K), 1 survivors (2048K)
 Metaspace       used 96946K, committed 97600K, reserved 1179648K
  class space    used 12214K, committed 12544K, reserved 1048576K
}

