# JRE version: Java(TM) SE Runtime Environment (17.0.14+8) (build 17.0.14+8-LTS-191)
# Java VM: Java HotSpot(TM) 64-Bit Server VM (17.0.14+8-LTS-191, mixed mode, sharing, tiered, compressed oops, compressed class ptrs, g1 gc, windows-amd64)
GC Precious Log:
 CPUs: 12 total, 12 available
 Memory: 16068M
 Large Page Support: Disabled
 NUMA Support: Disabled
 Compressed Oops: Enabled (Zero based)
 Heap Region Size: 2M
 Heap Min Capacity: 8M
 Heap Initial Capacity: 252M
 Heap Max Capacity: 4018M
 Pre-touch: Disabled
 Parallel Workers: 10
 Concurrent Workers: 3
 Concurrent Refinement Workers: 10
 Periodic GC: Disabled
Heap:
 garbage-first heap   total 98304K, used 38018K [0x0000000704e00000, 0x0000000800000000)
  region size 2048K, 1 young (2048K), 1 survivors (2048K)
 Metaspace       used 82412K, committed 82944K, reserved 1179648K
  class space    used 11059K, committed 11328K, reserved 1048576K
GC Heap History (20 events):
Event: 9.229 GC heap after
{Heap after GC invocations=12 (full 0):
 garbage-first heap   total 81920K, used 25729K [0x0000000704e00000, 0x0000000800000000)
  region size 2048K, 1 young (2048K), 1 survivors (2048K)
 Metaspace       used 53408K, committed 53888K, reserved 1114112K
  class space    used 7022K, committed 7232K, reserved 1048576K
}
Event: 9.622 GC heap before
{Heap before GC invocations=12 (full 0):
 garbage-first heap   total 81920K, used 50305K [0x0000000704e00000, 0x0000000800000000)
  region size 2048K, 15 young (30720K), 1 survivors (2048K)
 Metaspace       used 59879K, committed 60288K, reserved 1114112K
  class space    used 7945K, committed 8128K, reserved 1048576K
}
Event: 9.624 GC heap after
{Heap after GC invocations=13 (full 0):
 garbage-first heap   total 81920K, used 26961K [0x0000000704e00000, 0x0000000800000000)
  region size 2048K, 2 young (4096K), 2 survivors (4096K)
 Metaspace       used 59879K, committed 60288K, reserved 1114112K
  class space    used 7945K, committed 8128K, reserved 1048576K
}
Event: 10.074 GC heap before
{Heap before GC invocations=14 (full 0):
 garbage-first heap   total 81920K, used 61777K [0x0000000704e00000, 0x0000000800000000)
  region size 2048K, 19 young (38912K), 2 survivors (4096K)
 Metaspace       used 66593K, committed 67136K, reserved 1114112K
  class space    used 9031K, committed 9280K, reserved 1048576K
}
Event: 10.077 GC heap after
{Heap after GC invocations=15 (full 0):
 garbage-first heap   total 81920K, used 28352K [0x0000000704e00000, 0x0000000800000000)
  region size 2048K, 3 young (6144K), 3 survivors (6144K)
 Metaspace       used 66593K, committed 67136K, reserved 1114112K
  class space    used 9031K, committed 9280K, reserved 1048576K
}
Event: 10.713 GC heap before
{Heap before GC invocations=15 (full 0):
 garbage-first heap   total 81920K, used 63168K [0x0000000704e00000, 0x0000000800000000)
  region size 2048K, 20 young (40960K), 3 survivors (6144K)
 Metaspace       used 71256K, committed 71872K, reserved 1114112K
  class space    used 9637K, committed 9920K, reserved 1048576K
}
Event: 10.718 GC heap after
{Heap after GC invocations=16 (full 0):
 garbage-first heap   total 81920K, used 31282K [0x0000000704e00000, 0x0000000800000000)
  region size 2048K, 3 young (6144K), 3 survivors (6144K)
 Metaspace       used 71256K, committed 71872K, reserved 1114112K
  class space    used 9637K, committed 9920K, reserved 1048576K
}
Event: 11.187 GC heap before
{Heap before GC invocations=16 (full 0):
 garbage-first heap   total 81920K, used 64050K [0x0000000704e00000, 0x0000000800000000)
  region size 2048K, 19 young (38912K), 3 survivors (6144K)
 Metaspace       used 73835K, committed 74496K, reserved 1114112K
  class space    used 9970K, committed 10304K, reserved 1048576K
}
Event: 11.191 GC heap after
{Heap after GC invocations=17 (full 0):
 garbage-first heap   total 81920K, used 33357K [0x0000000704e00000, 0x0000000800000000)
  region size 2048K, 3 young (6144K), 3 survivors (6144K)
 Metaspace       used 73835K, committed 74496K, reserved 1114112K
  class space    used 9970K, committed 10304K, reserved 1048576K
}
Event: 11.560 GC heap before
{Heap before GC invocations=17 (full 0):
 garbage-first heap   total 81920K, used 64077K [0x0000000704e00000, 0x0000000800000000)
  region size 2048K, 18 young (36864K), 3 survivors (6144K)
 Metaspace       used 75885K, committed 76480K, reserved 1179648K
  class space    used 10252K, committed 10560K, reserved 1048576K
}
Event: 11.564 GC heap after
{Heap after GC invocations=18 (full 0):
 garbage-first heap   total 81920K, used 35757K [0x0000000704e00000, 0x0000000800000000)
  region size 2048K, 3 young (6144K), 3 survivors (6144K)
 Metaspace       used 75885K, committed 76480K, reserved 1179648K
  class space    used 10252K, committed 10560K, reserved 1048576K
}
Event: 18.540 GC heap before
{Heap before GC invocations=18 (full 0):
 garbage-first heap   total 81920K, used 62381K [0x0000000704e00000, 0x0000000800000000)
  region size 2048K, 16 young (32768K), 3 survivors (6144K)
 Metaspace       used 81046K, committed 81664K, reserved 1179648K
  class space    used 10890K, committed 11200K, reserved 1048576K
}
Event: 19.550 GC heap after
{Heap after GC invocations=19 (full 0):
 garbage-first heap   total 98304K, used 37305K [0x0000000704e00000, 0x0000000800000000)
  region size 2048K, 1 young (2048K), 1 survivors (2048K)
 Metaspace       used 81046K, committed 81664K, reserved 1179648K
  class space    used 10890K, committed 11200K, reserved 1048576K
}
Event: 19.609 GC heap before
{Heap before GC invocations=19 (full 0):
 garbage-first heap   total 98304K, used 39353K [0x0000000704e00000, 0x0000000800000000)
  region size 2048K, 2 young (4096K), 1 survivors (2048K)
 Metaspace       used 81428K, committed 81984K, reserved 1179648K
  class space    used 10945K, committed 11200K, reserved 1048576K
}
Event: 19.611 GC heap after
{Heap after GC invocations=20 (full 0):
 garbage-first heap   total 98304K, used 37361K [0x0000000704e00000, 0x0000000800000000)
  region size 2048K, 1 young (2048K), 1 survivors (2048K)
 Metaspace       used 81428K, committed 81984K, reserved 1179648K
  class space    used 10945K, committed 11200K, reserved 1048576K
}
Event: 19.632 GC heap before
{Heap before GC invocations=20 (full 0):
 garbage-first heap   total 98304K, used 39409K [0x0000000704e00000, 0x0000000800000000)
  region size 2048K, 2 young (4096K), 1 survivors (2048K)
 Metaspace       used 81630K, committed 82240K, reserved 1179648K
  class space    used 10967K, committed 11264K, reserved 1048576K
}
Event: 19.634 GC heap after
{Heap after GC invocations=21 (full 0):
 garbage-first heap   total 98304K, used 38040K [0x0000000704e00000, 0x0000000800000000)
  region size 2048K, 1 young (2048K), 1 survivors (2048K)
 Metaspace       used 81630K, committed 82240K, reserved 1179648K
  class space    used 10967K, committed 11264K, reserved 1048576K
}
Event: 19.676 GC heap before
{Heap before GC invocations=21 (full 0):
 garbage-first heap   total 98304K, used 40088K [0x0000000704e00000, 0x0000000800000000)
  region size 2048K, 2 young (4096K), 1 survivors (2048K)
 Metaspace       used 81939K, committed 82560K, reserved 1179648K
  class space    used 10993K, committed 11264K, reserved 1048576K
}
Event: 19.677 GC heap after
{Heap after GC invocations=22 (full 0):
 garbage-first heap   total 98304K, used 37894K [0x0000000704e00000, 0x0000000800000000)
  region size 2048K, 1 young (2048K), 1 survivors (2048K)
 Metaspace       used 81939K, committed 82560K, reserved 1179648K
  class space    used 10993K, committed 11264K, reserved 1048576K
}
Event: 19.722 GC heap before
{Heap before GC invocations=22 (full 0):
 garbage-first heap   total 98304K, used 39942K [0x0000000704e00000, 0x0000000800000000)
  region size 2048K, 2 young (4096K), 1 survivors (2048K)
 Metaspace       used 82412K, committed 82944K, reserved 1179648K
  class space    used 11059K, committed 11328K, reserved 1048576K
}

